[0m08:43:56.556181 [debug] [MainThread]: Sending event: {'category': 'dbt', 'action': 'invocation', 'label': 'start', 'context': [<snowplow_tracker.self_describing_json.SelfDescribingJson object at 0x00000272CDB4AB90>, <snowplow_tracker.self_describing_json.SelfDescribingJson object at 0x00000272CDB4A690>, <snowplow_tracker.self_describing_json.SelfDescribingJson object at 0x00000272CDB52C90>]}


============================== 08:43:56.564712 | b706f698-880d-4ea0-a50e-85673ebc9c03 ==============================
[0m08:43:56.564712 [info ] [MainThread]: Running with dbt=1.11.2
[0m08:43:56.566245 [debug] [MainThread]: running dbt with arguments {'version_check': 'True', 'no_print': 'None', 'static_parser': 'True', 'warn_error_options': 'WarnErrorOptionsV2(error=[], warn=[], silence=[])', 'target_path': 'None', 'printer_width': '80', 'write_json': 'True', 'introspect': 'True', 'log_cache_events': 'False', 'empty': 'None', 'cache_selected_only': 'False', 'fail_fast': 'False', 'debug': 'False', 'log_format': 'default', 'partial_parse': 'True', 'send_anonymous_usage_stats': 'True', 'quiet': 'False', 'warn_error': 'None', 'profiles_dir': 'C:\\Users\\ASUS\\.dbt', 'use_colors': 'True', 'indirect_selection': 'eager', 'invocation_command': 'dbt init', 'use_experimental_parser': 'False', 'log_path': 'logs'}
[0m08:43:56.604552 [info ] [MainThread]: Creating dbt configuration folder at C:\Users\ASUS\.dbt
[0m08:44:12.842886 [debug] [MainThread]: Starter project path: C:\Project\realtime-spotify-project\venv\Lib\site-packages\dbt\include\starter_project
[0m08:44:12.895020 [info ] [MainThread]: 
Your new dbt project "spotify_dbt" was created!

For more information on how to configure the profiles.yml file,
please consult the dbt documentation here:

  https://docs.getdbt.com/docs/configure-your-profile

One more thing:

Need help? Don't hesitate to reach out to us via GitHub issues or on Slack:

  https://community.getdbt.com/

Happy modeling!

[0m08:44:12.898128 [info ] [MainThread]: Setting up your profile.
[0m08:47:49.762894 [debug] [MainThread]: Snowflake adapter: Setting snowflake.connector to ERROR (file logging only)
[0m08:47:49.766695 [debug] [MainThread]: Snowflake adapter: Setting botocore to ERROR (file logging only)
[0m08:47:49.768731 [debug] [MainThread]: Snowflake adapter: Setting boto3 to ERROR (file logging only)
[0m09:02:43.956815 [info ] [MainThread]: Profile spotify_dbt written to C:\Users\ASUS\.dbt\profiles.yml using target's profile_template.yml and your supplied values. Run 'dbt debug' to validate the connection.
[0m09:02:43.958380 [debug] [MainThread]: Command `dbt init` succeeded at 09:02:43.958380 after 1127.51 seconds
[0m09:02:43.958380 [debug] [MainThread]: Sending event: {'category': 'dbt', 'action': 'invocation', 'label': 'end', 'context': [<snowplow_tracker.self_describing_json.SelfDescribingJson object at 0x00000272CDB4B150>, <snowplow_tracker.self_describing_json.SelfDescribingJson object at 0x00000272C6DCEED0>, <snowplow_tracker.self_describing_json.SelfDescribingJson object at 0x00000272C706D5D0>]}
[0m09:02:43.958380 [debug] [MainThread]: Flushing usage events
[0m09:02:45.666980 [debug] [MainThread]: An error was encountered while trying to flush usage events
